[0mCompiling "target/cljsbuild/public/js/app.js" from ["src/cljs" "src/cljc" "env/dev/cljs"]...[0m
[32mSuccessfully compiled "target/cljsbuild/public/js/app.js" in 0.432 seconds.[0m
notifying browser that file changed:  target/cljsbuild/public/js/out/goog/deps.js
notifying browser that file changed:  target/cljsbuild/public/js/out/cljs_deps.js
notifying browser that file changed:  target/cljsbuild/public/js/out/swag_cljs/core.js
[0mCompiling "target/cljsbuild/public/js/app.js" from ["src/cljs" "src/cljc" "env/dev/cljs"]...[0m
[32mSuccessfully compiled "target/cljsbuild/public/js/app.js" in 0.361 seconds.[0m
notifying browser that file changed:  target/cljsbuild/public/js/out/swag_cljs/core.js
[0mCompiling "target/cljsbuild/public/js/app.js" from ["src/cljs" "src/cljc" "env/dev/cljs"]...[0m
[36m----  Compiler Warning on   src/cljs/swag_cljs/core.cljs   line:16  column:1  ----[0m

  [1mUse of undeclared Var swag-cljs.core/The[0m

  [36m12[0m  [36m    (.appendChild content (js/document.createTextNode "Welcome to swag-cljs"))))[0m
  [36m13[0m  [36m[0m
  [36m14[0m  [36m(defn init! [][0m
  [36m15[0m  [36m  (mount-components))[0m
  [33m16[0m  [1mThe env/dev/cljs/dev.cljs file contains the namespace that’s the entry point for our ClojureScript application and has the following contents.[0m
  [0m  [0m  [33m^--- Use of undeclared Var swag-cljs.core/The[0m
  [36m17[0m  [36mChapter 6. Writing RESTful Web Services • 108[0m
  [36m18[0m  [36mreport [0m

[36m----  Compiler Warning : Please see src/cljs/swag_cljs/core.cljs  ----[0m
[31mFailed to compile "target/cljsbuild/public/js/app.js" in 0.314 seconds.[0m
[36m----  Could not Read  src/cljs/swag_cljs/core.cljs   line:16 ----[0m

  [1m/home/elect/Documents/swag-cljs/src/cljs/swag_cljs/core.cljs [line 16, col 26] Invalid symbol: env/dev/cljs/dev.cljs.[0m

  [36m14[0m  [36m(defn init! [][0m
  [36m15[0m  [36m  (mount-components))[0m
  [33m16[0m  [1mThe env/dev/cljs/dev.cljs file contains the namespace that’s the entry point for our ClojureScript application and has the following contents.[0m
  [0m  [0m  [33m/home/elect/Documents/swag-cljs/src/cljs/swag_cljs/core.cljs [line 16, col 26] Invalid symbol: env/dev/cljs/dev.cljs.[0m
  [36m17[0m  [36mChapter 6. Writing RESTful Web Services • 108[0m
  [36m18[0m  [36mreport [0m

[36m----  Reader Error : Please see src/cljs/swag_cljs/core.cljs  ----[0m
[0mCompiling "target/cljsbuild/public/js/app.js" from ["src/cljs" "src/cljc" "env/dev/cljs"]...[0m
[32mSuccessfully compiled "target/cljsbuild/public/js/app.js" in 0.372 seconds.[0m
notifying browser that file changed:  target/cljsbuild/public/js/out/goog/deps.js
notifying browser that file changed:  target/cljsbuild/public/js/out/cljs_deps.js
notifying browser that file changed:  target/cljsbuild/public/js/out/swag_cljs/core.js
[0mCompiling "target/cljsbuild/public/js/app.js" from ["src/cljs" "src/cljc" "env/dev/cljs"]...[0m
[36m----  Compiler Warning on   src/cljs/swag_cljs/core.cljs   line:17  column:1  ----[0m

  [1mmount-components at line 8 is being replaced[0m

  [36m14[0m  [36m(defn init! [][0m
  [36m15[0m  [36m  (mount-components))[0m
  [36m16[0m  [36m[0m
  [33m17[0m  [1m(defn mount-components [][0m
  [0m  [0m  [33m^--- mount-components at line 8 is being replaced[0m
  [36m18[0m  [36m  (let [content (js/document.getElementById "app")][0m
  [36m19[0m  [36m    (while (.hasChildNodes content)[0m
  [36m20[0m  [36m      (.removeChild content (.-lastChild content)))[0m
  [36m21[0m  [36m    (.appendChild content (js/document.createTextNode "Welcome to swagger-service"))))[0m

[36m----  Compiler Warning : Please see src/cljs/swag_cljs/core.cljs  ----[0m
[36m----  Compiler Warning on   src/cljs/swag_cljs/core.cljs   line:23  column:1  ----[0m

  [1minit! at line 14 is being replaced[0m

  [36m19[0m  [36m    (while (.hasChildNodes content)[0m
  [36m20[0m  [36m      (.removeChild content (.-lastChild content)))[0m
  [36m21[0m  [36m    (.appendChild content (js/document.createTextNode "Welcome to swagger-service"))))[0m
  [36m22[0m  [36m[0m
  [33m23[0m  [1m(defn init! [][0m
  [0m  [0m  [33m^--- init! at line 14 is being replaced[0m
  [36m24[0m  [36m  (mount-components))[0m

[36m----  Compiler Warning : Please see src/cljs/swag_cljs/core.cljs  ----[0m
[32mSuccessfully compiled "target/cljsbuild/public/js/app.js" in 0.418 seconds.[0m
notifying browser that file changed:  target/cljsbuild/public/js/out/swag_cljs/core.js
[0mCompiling "target/cljsbuild/public/js/app.js" from ["src/cljs" "src/cljc" "env/dev/cljs"]...[0m
[32mSuccessfully compiled "target/cljsbuild/public/js/app.js" in 0.335 seconds.[0m
notifying browser that file changed:  target/cljsbuild/public/js/out/swag_cljs/core.js
[0mCompiling "target/cljsbuild/public/js/app.js" from ["src/cljs" "src/cljc" "env/dev/cljs"]...[0m
[32mSuccessfully compiled "target/cljsbuild/public/js/app.js" in 0.32 seconds.[0m
notifying browser that file changed:  target/cljsbuild/public/js/out/cljs_deps.js
notifying browser that file changed:  target/cljsbuild/public/js/out/swag_cljs/app.js
[0mCompiling "target/cljsbuild/public/js/app.js" from ["src/cljs" "src/cljc" "env/dev/cljs"]...[0m
[32mSuccessfully compiled "target/cljsbuild/public/js/app.js" in 0.315 seconds.[0m
notifying browser that file changed:  target/cljsbuild/public/js/out/swag_cljs/app.js
[0mCompiling "target/cljsbuild/public/js/app.js" from ["src/cljs" "src/cljc" "env/dev/cljs"]...[0m
[31mFailed to compile "target/cljsbuild/public/js/app.js" in 0.197 seconds.[0m
[36m----  Could not Analyze  src/cljs/swag_cljs/core.cljs  ----[0m

  [1mNo such namespace: reagent.core, could not locate reagent/core.cljs, reagent/core.cljc, or JavaScript source providing "reagent.core" [0m

[36m----  Analysis Error : Please see src/cljs/swag_cljs/core.cljs  ----[0m
[0mCompiling "target/cljsbuild/public/js/app.js" from ["src/cljs" "src/cljc" "env/dev/cljs"]...[0m
[31mFailed to compile "target/cljsbuild/public/js/app.js" in 0.212 seconds.[0m
[36m----  Could not Analyze  src/cljs/swag_cljs/core.cljs  ----[0m

  [1mNo such namespace: reagent.core, could not locate reagent/core.cljs, reagent/core.cljc, or JavaScript source providing "reagent.core" [0m

[36m----  Analysis Error : Please see src/cljs/swag_cljs/core.cljs  ----[0m
[0mCompiling "target/cljsbuild/public/js/app.js" from ["src/cljs" "src/cljc" "env/dev/cljs"]...[0m
[31mFailed to compile "target/cljsbuild/public/js/app.js" in 0.284 seconds.[0m
[36m----  Could not Analyze  src/cljs/swag_cljs/core.cljs  ----[0m

  [1mNo such namespace: reagent.core, could not locate reagent/core.cljs, reagent/core.cljc, or JavaScript source providing "reagent.core" [0m

[36m----  Analysis Error : Please see src/cljs/swag_cljs/core.cljs  ----[0m
[0mCompiling "target/cljsbuild/public/js/app.js" from ["src/cljs" "src/cljc" "env/dev/cljs"]...[0m
[31mFailed to compile "target/cljsbuild/public/js/app.js" in 0.199 seconds.[0m
[36m----  Could not Analyze  src/cljs/swag_cljs/core.cljs  ----[0m

  [1mNo such namespace: reagent.core, could not locate reagent/core.cljs, reagent/core.cljc, or JavaScript source providing "reagent.core" [0m

[36m----  Analysis Error : Please see src/cljs/swag_cljs/core.cljs  ----[0m
[0mCompiling "target/cljsbuild/public/js/app.js" from ["src/cljs" "src/cljc" "env/dev/cljs"]...[0m
[31mFailed to compile "target/cljsbuild/public/js/app.js" in 0.364 seconds.[0m
[36m----  Could not Analyze  src/cljs/swag_cljs/core.cljs  ----[0m

  [1mNo such namespace: ajax.core, could not locate ajax/core.cljs, ajax/core.cljc, or JavaScript source providing "ajax.core" [0m

[36m----  Analysis Error : Please see src/cljs/swag_cljs/core.cljs  ----[0m
[0mCompiling "target/cljsbuild/public/js/app.js" from ["src/cljs" "src/cljc" "env/dev/cljs"]...[0m
[31mFailed to compile "target/cljsbuild/public/js/app.js" in 0.291 seconds.[0m
[36m----  Could not Analyze  src/cljs/swag_cljs/core.cljs  ----[0m

  [1mNo such namespace: ajax.core, could not locate ajax/core.cljs, ajax/core.cljc, or JavaScript source providing "ajax.core" [0m

[36m----  Analysis Error : Please see src/cljs/swag_cljs/core.cljs  ----[0m
[0mCompiling "target/cljsbuild/public/js/app.js" from ["src/cljs" "src/cljc" "env/dev/cljs"]...[0m
[31mFailed to compile "target/cljsbuild/public/js/app.js" in 0.241 seconds.[0m
[36m----  Could not Analyze  src/cljs/swag_cljs/core.cljs  ----[0m

  [1mNo such namespace: ajax.core, could not locate ajax/core.cljs, ajax/core.cljc, or JavaScript source providing "ajax.core" [0m

[36m----  Analysis Error : Please see src/cljs/swag_cljs/core.cljs  ----[0m
[0mCompiling "target/cljsbuild/public/js/app.js" from ["src/cljs" "src/cljc" "env/dev/cljs"]...[0m
[32mSuccessfully compiled "target/cljsbuild/public/js/app.js" in 0.553 seconds.[0m
notifying browser that file changed:  target/cljsbuild/public/js/out/goog/deps.js
notifying browser that file changed:  target/cljsbuild/public/js/out/cljs_deps.js
notifying browser that file changed:  target/cljsbuild/public/js/out/swag_cljs/core.js
[0mCompiling "target/cljsbuild/public/js/app.js" from ["src/cljs" "src/cljc" "env/dev/cljs"]...[0m
[32mSuccessfully compiled "target/cljsbuild/public/js/app.js" in 0.492 seconds.[0m
notifying browser that file changed:  target/cljsbuild/public/js/out/swag_cljs/core.js
[0mCompiling "target/cljsbuild/public/js/app.js" from ["src/cljs" "src/cljc" "env/dev/cljs"]...[0m
[32mSuccessfully compiled "target/cljsbuild/public/js/app.js" in 0.457 seconds.[0m
notifying browser that file changed:  target/cljsbuild/public/js/out/swag_cljs/core.js
[0mCompiling "target/cljsbuild/public/js/app.js" from ["src/cljs" "src/cljc" "env/dev/cljs"]...[0m
[36m----  Compiler Warning on   src/cljs/swag_cljs/core.cljs   line:10  column:20  ----[0m

  [1mUse of undeclared Var swag-cljs.core/reset!![0m

  [36m 7[0m  [36m(defn fetch-links! [links link-count][0m
  [36m 8[0m  [36m  (GET "/api/cat-links"[0m
  [36m 9[0m  [36m       {:params {:link-count link-count}[0m
  [33m10[0m  [1m        :handler #(reset!! links %)}))[0m
  [0m  [0m  [33m                   ^--- Use of undeclared Var swag-cljs.core/reset!![0m
  [36m11[0m  [36m[0m
  [36m12[0m  [36m(defn home-page [][0m
  [36m13[0m  [36m  (let [links (atom nil)][0m
  [36m14[0m  [36m    (fetch-links! links 20)[0m
  [36m15[0m  [36m    (fn [] [:div[0m

[36m----  Compiler Warning : Please see src/cljs/swag_cljs/core.cljs  ----[0m
[32mSuccessfully compiled "target/cljsbuild/public/js/app.js" in 0.488 seconds.[0m
notifying browser that file changed:  target/cljsbuild/public/js/out/swag_cljs/core.js
[0mCompiling "target/cljsbuild/public/js/app.js" from ["src/cljs" "src/cljc" "env/dev/cljs"]...[0m
[32mSuccessfully compiled "target/cljsbuild/public/js/app.js" in 0.401 seconds.[0m
notifying browser that file changed:  target/cljsbuild/public/js/out/swag_cljs/core.js
[0mCompiling "target/cljsbuild/public/js/app.js" from ["src/cljs" "src/cljc" "env/dev/cljs"]...[0m
[36m----  Compiler Warning on   src/cljs/swag_cljs/core.cljs   line:12  column:1  ----[0m

  [1mfetch-links! at line 7 is being replaced[0m

  [36m 8[0m  [36m  (GET "/api/cat-links"[0m
  [36m 9[0m  [36m       {:params {:link-count link-count}[0m
  [36m10[0m  [36m        :handler #(reset! links (vec (partition-all 6 %)))}))[0m
  [36m11[0m  [36m[0m
  [33m12[0m  [1m(defn fetch-links! [links link-count][0m
  [0m  [0m  [33m^--- fetch-links! at line 7 is being replaced[0m
  [36m13[0m  [36m  (GET "/api/cat-links"[0m
  [36m14[0m  [36m       {:params {:link-count link-count}[0m
  [36m15[0m  [36m        :handler #(reset! links %)}))[0m
  [36m16[0m  [36m[0m
  [36m17[0m  [36m(defn home-page [][0m

[36m----  Compiler Warning : Please see src/cljs/swag_cljs/core.cljs  ----[0m
[32mSuccessfully compiled "target/cljsbuild/public/js/app.js" in 0.433 seconds.[0m
notifying browser that file changed:  target/cljsbuild/public/js/out/swag_cljs/core.js
[0mCompiling "target/cljsbuild/public/js/app.js" from ["src/cljs" "src/cljc" "env/dev/cljs"]...[0m
[32mSuccessfully compiled "target/cljsbuild/public/js/app.js" in 0.383 seconds.[0m
notifying browser that file changed:  target/cljsbuild/public/js/out/swag_cljs/core.js
[0mCompiling "target/cljsbuild/public/js/app.js" from ["src/cljs" "src/cljc" "env/dev/cljs"]...[0m
[32mSuccessfully compiled "target/cljsbuild/public/js/app.js" in 0.371 seconds.[0m
notifying browser that file changed:  target/cljsbuild/public/js/out/swag_cljs/core.js
[0mCompiling "target/cljsbuild/public/js/app.js" from ["src/cljs" "src/cljc" "env/dev/cljs"]...[0m
[32mSuccessfully compiled "target/cljsbuild/public/js/app.js" in 0.42 seconds.[0m
notifying browser that file changed:  target/cljsbuild/public/js/out/swag_cljs/core.js
[0mCompiling "target/cljsbuild/public/js/app.js" from ["src/cljs" "src/cljc" "env/dev/cljs"]...[0m
[32mSuccessfully compiled "target/cljsbuild/public/js/app.js" in 0.4 seconds.[0m
notifying browser that file changed:  target/cljsbuild/public/js/out/swag_cljs/core.js
[0mCompiling "target/cljsbuild/public/js/app.js" from ["src/cljs" "src/cljc" "env/dev/cljs"]...[0m
[32mSuccessfully compiled "target/cljsbuild/public/js/app.js" in 0.391 seconds.[0m
notifying browser that file changed:  target/cljsbuild/public/js/out/swag_cljs/core.js
[0mCompiling "target/cljsbuild/public/js/app.js" from ["src/cljs" "src/cljc" "env/dev/cljs"]...[0m
[32mSuccessfully compiled "target/cljsbuild/public/js/app.js" in 0.388 seconds.[0m
notifying browser that file changed:  target/cljsbuild/public/js/out/swag_cljs/core.js
[0mCompiling "target/cljsbuild/public/js/app.js" from ["src/cljs" "src/cljc" "env/dev/cljs"]...[0m
[32mSuccessfully compiled "target/cljsbuild/public/js/app.js" in 0.438 seconds.[0m
notifying browser that file changed:  target/cljsbuild/public/js/out/swag_cljs/core.js
[0mCompiling "target/cljsbuild/public/js/app.js" from ["src/cljs" "src/cljc" "env/dev/cljs"]...[0m
[32mSuccessfully compiled "target/cljsbuild/public/js/app.js" in 0.383 seconds.[0m
notifying browser that file changed:  target/cljsbuild/public/js/out/swag_cljs/core.js
[0mCompiling "target/cljsbuild/public/js/app.js" from ["src/cljs" "src/cljc" "env/dev/cljs"]...[0m
[32mSuccessfully compiled "target/cljsbuild/public/js/app.js" in 0.381 seconds.[0m
notifying browser that file changed:  target/cljsbuild/public/js/out/swag_cljs/core.js
[0mCompiling "target/cljsbuild/public/js/app.js" from ["src/cljs" "src/cljc" "env/dev/cljs"]...[0m
[32mSuccessfully compiled "target/cljsbuild/public/js/app.js" in 0.346 seconds.[0m
notifying browser that file changed:  target/cljsbuild/public/js/out/swag_cljs/core.js
[0mCompiling "target/cljsbuild/public/js/app.js" from ["src/cljs" "src/cljc" "env/dev/cljs"]...[0m
[32mSuccessfully compiled "target/cljsbuild/public/js/app.js" in 0.32 seconds.[0m
notifying browser that file changed:  target/cljsbuild/public/js/out/swag_cljs/core.js
[0mCompiling "target/cljsbuild/public/js/app.js" from ["src/cljs" "src/cljc" "env/dev/cljs"]...[0m
[36m----  Compiler Warning on   src/cljs/swag_cljs/core.cljs   line:55  column:11  ----[0m

  [1mUse of undeclared Var swag-cljs.core/pager[0m

  [36m51[0m  [36m    (fetch-links! links 50)[0m
  [36m52[0m  [36m    (fn [][0m
  [36m53[0m  [36m      (if (not-empty @links)[0m
  [36m54[0m  [36m        [:div.container>div.row>div.col-md-12[0m
  [33m55[0m  [1m         [pager (count @links) page][0m
  [0m  [0m  [33m          ^--- Use of undeclared Var swag-cljs.core/pager[0m
  [36m56[0m  [36m         [images (@links @page)]][0m
  [36m57[0m  [36m        [:div "Standby for cats"]))))[0m
  [36m58[0m  [36m[0m
  [36m59[0m  [36m[0m
  [36m60[0m  [36m(defn mount-components [][0m

[36m----  Compiler Warning : Please see src/cljs/swag_cljs/core.cljs  ----[0m
[32mSuccessfully compiled "target/cljsbuild/public/js/app.js" in 0.5 seconds.[0m
notifying browser that file changed:  target/cljsbuild/public/js/out/swag_cljs/core.js
[0mCompiling "target/cljsbuild/public/js/app.js" from ["src/cljs" "src/cljc" "env/dev/cljs"]...[0m
[32mSuccessfully compiled "target/cljsbuild/public/js/app.js" in 0.442 seconds.[0m
notifying browser that file changed:  target/cljsbuild/public/js/out/swag_cljs/core.js
